<?xml version="1.0" encoding="UTF-8"?>
<!-- Generated by org.testng.reporters.JUnitReportReporter -->
<testsuite name="qa_sandbox_test.ExamTest" tests="1" time="10.675" ignored="0" failures="0" timestamp="28 Aug 2019 20:51:51 GMT" skipped="0" hostname="DESKTOP-NP3GSJ5" errors="0">
  <testcase name="examTest" time="10.675" classname="qa_sandbox_test.ExamTest"/>
</testsuite> <!-- qa_sandbox_test.ExamTest -->
