<?xml version="1.0" encoding="UTF-8"?>
<!-- Generated by org.testng.reporters.JUnitReportReporter -->
<testsuite name="qa_sandbox_test.LoginTest" tests="1" time="8.595" ignored="1" failures="0" timestamp="28 Aug 2019 20:42:34 GMT" skipped="0" hostname="DESKTOP-NP3GSJ5" errors="0">
  <testcase name="correctCredentialsTest" time="8.595" classname="qa_sandbox_test.LoginTest"/>
  <testcase name="emptyCredentialsTest" classname="qa_sandbox_test.LoginTest">
    <skipped/>
  </testcase> <!-- emptyCredentialsTest -->
</testsuite> <!-- qa_sandbox_test.LoginTest -->
