<?xml version="1.0" encoding="UTF-8"?>
<!-- Generated by org.testng.reporters.JUnitReportReporter -->
<testsuite name="qa_sandbox_test.Pages.DriverClass" tests="1" time="15.419" ignored="0" failures="0" timestamp="27 Aug 2019 21:11:23 GMT" skipped="0" hostname="DESKTOP-NP3GSJ5" errors="0">
  <testcase name="something" time="15.419" classname="qa_sandbox_test.Pages.DriverClass"/>
</testsuite> <!-- qa_sandbox_test.Pages.DriverClass -->
