<?xml version="1.0" encoding="UTF-8"?>
<!-- Generated by org.testng.reporters.JUnitReportReporter -->
<testsuite name="qa_sandbox_test.LoginTestPage" tests="1" time="9.575" ignored="1" failures="0" timestamp="28 Aug 2019 18:26:15 GMT" skipped="0" hostname="DESKTOP-NP3GSJ5" errors="0">
  <testcase name="emptyCredentialsTest" time="9.575" classname="qa_sandbox_test.LoginTestPage"/>
  <testcase name="correctCredentialsTest" classname="qa_sandbox_test.LoginTestPage">
    <skipped/>
  </testcase> <!-- correctCredentialsTest -->
</testsuite> <!-- qa_sandbox_test.LoginTestPage -->
